<?xml version="1.0" encoding="UTF-8"?>
<robot generator="Robot 4.0.3 (Python 3.8.5 on win32)" generated="20210810 23:17:15.052" rpa="false" schemaversion="2">
<suite id="s1" name="Fetch Element At Runtime" source="D:\Personal\Robotframwork\Robotframe\Testcases\fetch element at runtime.robot">
<kw name="open maximize browser with argument" library="userdefined keywords" type="SETUP">
<arg>https://www.amazon.in</arg>
<arg>Chrome</arg>
<kw name="Open Browser" library="SeleniumLibrary">
<arg>${inputurl}</arg>
<arg>${inputbrowser}</arg>
<doc>Opens a new browser instance to the optional ``url``.</doc>
<msg timestamp="20210810 23:17:15.260" level="INFO">Opening browser 'Chrome' to base url 'https://www.amazon.in'.</msg>
<status status="PASS" starttime="20210810 23:17:15.259" endtime="20210810 23:17:18.824"/>
</kw>
<kw name="Maximize Browser Window" library="SeleniumLibrary">
<doc>Maximizes current browser window.</doc>
<status status="PASS" starttime="20210810 23:17:18.825" endtime="20210810 23:17:18.971"/>
</kw>
<status status="PASS" starttime="20210810 23:17:15.259" endtime="20210810 23:17:18.971"/>
</kw>
<test id="s1-t1" name="TC8 new folder">
<kw name="make directory">
<arg>foldername1</arg>
<kw name="Create Folder" library="PythonRobotKeywords">
<status status="PASS" starttime="20210810 23:17:18.974" endtime="20210810 23:17:18.975"/>
</kw>
<kw name="Subfolder" library="PythonRobotKeywords">
<status status="PASS" starttime="20210810 23:17:18.975" endtime="20210810 23:17:18.976"/>
</kw>
<kw name="Log To Console" library="BuiltIn">
<arg>task successful</arg>
<doc>Logs the given message to the console.</doc>
<status status="PASS" starttime="20210810 23:17:18.976" endtime="20210810 23:17:18.977"/>
</kw>
<kw name="Argfolder" library="PythonRobotKeywords">
<arg>${foldername}</arg>
<status status="PASS" starttime="20210810 23:17:18.977" endtime="20210810 23:17:18.979"/>
</kw>
<status status="PASS" starttime="20210810 23:17:18.973" endtime="20210810 23:17:18.980"/>
</kw>
<kw name="contatination">
<arg>kamlesh</arg>
<arg>pass@123</arg>
<kw name="Concatinate" library="PythonRobotKeywords">
<var>${idpass}</var>
<arg>${username}</arg>
<arg>${password}</arg>
<msg timestamp="20210810 23:17:18.983" level="INFO">${idpass} = kamleshpass@123</msg>
<status status="PASS" starttime="20210810 23:17:18.982" endtime="20210810 23:17:18.983"/>
</kw>
<kw name="Log To Console" library="BuiltIn">
<arg>${idpass}</arg>
<doc>Logs the given message to the console.</doc>
<status status="PASS" starttime="20210810 23:17:18.983" endtime="20210810 23:17:18.984"/>
</kw>
<status status="PASS" starttime="20210810 23:17:18.981" endtime="20210810 23:17:18.985"/>
</kw>
<tag>Runtime</tag>
<tag>Runtime data</tag>
<status status="PASS" starttime="20210810 23:17:18.971" endtime="20210810 23:17:18.985"/>
</test>
<kw name="close browser get title" library="userdefined keywords" type="TEARDOWN">
<kw name="Get Title" library="SeleniumLibrary">
<var>${pagetitle}</var>
<doc>Returns the title of the current page.</doc>
<msg timestamp="20210810 23:17:18.997" level="INFO">${pagetitle} = Online Shopping site in India: Shop Online for Mobiles, Books, Watches, Shoes and More - Amazon.in</msg>
<status status="PASS" starttime="20210810 23:17:18.988" endtime="20210810 23:17:18.997"/>
</kw>
<kw name="Log" library="BuiltIn">
<arg>${pagetitle}</arg>
<doc>Logs the given message with the given level.</doc>
<msg timestamp="20210810 23:17:18.998" level="INFO">Online Shopping site in India: Shop Online for Mobiles, Books, Watches, Shoes and More - Amazon.in</msg>
<status status="PASS" starttime="20210810 23:17:18.997" endtime="20210810 23:17:18.998"/>
</kw>
<kw name="Close Browser" library="SeleniumLibrary">
<doc>Closes the current browser.</doc>
<status status="PASS" starttime="20210810 23:17:18.998" endtime="20210810 23:17:21.217"/>
</kw>
<status status="PASS" starttime="20210810 23:17:18.987" endtime="20210810 23:17:21.218"/>
</kw>
<status status="PASS" starttime="20210810 23:17:15.053" endtime="20210810 23:17:21.218"/>
</suite>
<statistics>
<total>
<stat pass="1" fail="0" skip="0">All Tests</stat>
</total>
<tag>
<stat pass="1" fail="0" skip="0">Runtime</stat>
<stat pass="1" fail="0" skip="0">Runtime data</stat>
</tag>
<suite>
<stat pass="1" fail="0" skip="0" id="s1" name="Fetch Element At Runtime">Fetch Element At Runtime</stat>
</suite>
</statistics>
<errors>
</errors>
</robot>
